<?xml version="1.0" encoding="UTF-8"?>
<!-- Generated by org.testng.reporters.JUnitReportReporter -->
<testsuite hostname="DESKTOP-16JJG09" failures="0" tests="1" name="testScript.LoginTest" time="3.497" errors="0" timestamp="2025-07-16T11:45:20 IST" skipped="0">
  <testcase classname="testScript.LoginTest" name="verifyWhetherUserIsAbleToLoginWithValidCredential" time="3.497"/>
</testsuite> <!-- testScript.LoginTest -->
