<?xml version="1.0" encoding="UTF-8"?>
<!-- Generated by org.testng.reporters.JUnitReportReporter -->
<testsuite hostname="DESKTOP-16JJG09" failures="0" tests="4" name="testScript.LoginTest" time="10.249" errors="0" timestamp="2025-09-02T14:49:40 IST" skipped="0">
  <testcase classname="testScript.LoginTest" name="verifyWhetherUserIsAbleToLoginWithInValidPasswordInValidUsername" time="3.265"/>
  <testcase classname="testScript.LoginTest" name="verifyWhetherUserIsAbleToLoginWithInValidPasswordValidUsername" time="1.971"/>
  <testcase classname="testScript.LoginTest" name="verifyWhetherUserIsAbleToLoginWithValidCredential" time="3.064"/>
  <testcase classname="testScript.LoginTest" name="verifyWhetherUserIsAbleToLoginWithValidPasswordInvalidUsername" time="1.949"/>
</testsuite> <!-- testScript.LoginTest -->
