<?xml version="1.0" encoding="UTF-8"?>
<!-- Generated by org.testng.reporters.JUnitReportReporter -->
<testsuite hostname="DESKTOP-16JJG09" failures="0" tests="2" name="testScript.PaymentTest" time="1.273" errors="0" timestamp="2025-08-29T12:46:55 IST" skipped="0">
  <testcase classname="testScript.PaymentTest" name="testFailedPayment" time="0.087"/>
  <testcase classname="testScript.PaymentTest" name="testSuccessfulPayment" time="1.186"/>
</testsuite> <!-- testScript.PaymentTest -->
