<?xml version="1.0" encoding="UTF-8"?>
<!-- Generated by org.testng.reporters.JUnitReportReporter -->
<testsuite hostname="DESKTOP-16JJG09" failures="0" tests="1" name="seleniumBasics.TestNgAnnotations" time="0.012" errors="0" timestamp="2025-07-15T11:56:10 IST" skipped="0">
  <testcase classname="seleniumBasics.TestNgAnnotations" name="testCase" time="0.012"/>
</testsuite> <!-- seleniumBasics.TestNgAnnotations -->
