<?xml version="1.0" encoding="UTF-8"?>
<!-- Generated by org.testng.reporters.JUnitReportReporter -->
<testsuite hostname="DESKTOP-16JJG09" failures="0" tests="1" name="seleniumBasics.TestNgAnnotations" time="0.007" errors="0" timestamp="2025-08-22T07:54:03 IST" skipped="0">
  <testcase classname="seleniumBasics.TestNgAnnotations" name="testCase" time="0.007"/>
</testsuite> <!-- seleniumBasics.TestNgAnnotations -->
