<?xml version="1.0" encoding="UTF-8"?>
<!-- Generated by org.testng.reporters.JUnitReportReporter -->
<testsuite hostname="DESKTOP-16JJG09" failures="0" tests="1" name="testScript.OTPClubTest" time="19.995" errors="0" timestamp="2025-08-20T11:47:00 IST" skipped="0">
  <testcase classname="testScript.OTPClubTest" name="verifyOtpFlow" time="19.995"/>
</testsuite> <!-- testScript.OTPClubTest -->
